<?xml version="1.0" encoding="UTF-8"?>
<!-- Generated by org.testng.reporters.JUnitXMLReporter -->
<testsuite ignored="0" hostname="TYSS-Apoorva" failures="0" tests="5" name="Default test" time="0.193" errors="0" timestamp="2023-09-25T15:35:14 IST">
  <testcase classname="understandingAboutTestNg.Datademo" name="test" time="0.017"/>
  <testcase classname="understandingAboutTestNg.Datademo" name="test" time="0.005"/>
  <testcase classname="understandingAboutTestNg.Datademo" name="test" time="0.003"/>
  <testcase classname="understandingAboutTestNg.Datademo" name="test" time="0.004"/>
  <testcase classname="understandingAboutTestNg.Datademo" name="test" time="0.007"/>
</testsuite> <!-- Default test -->
