<?xml version="1.0" encoding="UTF-8"?>
<!-- Generated by org.testng.reporters.JUnitXMLReporter -->
<testsuite ignored="0" hostname="TYSS-Apoorva" failures="0" tests="2" name="Default test" time="16.376" errors="0" timestamp="2023-10-09T11:57:39 IST">
  <testcase classname="workingWithUnitTestingTool.AddproductTocart" name="addProductTocart" time="1.421"/>
  <testcase classname="workingWithUnitTestingTool.AddproductTocart" name="clickOnAwsome" time="1.055"/>
</testsuite> <!-- Default test -->
