<?xml version="1.0" encoding="UTF-8"?>
<testng-results ignored="0" total="5" passed="5" failed="0" skipped="0">
  <reporter-output>
  </reporter-output>
  <suite started-at="2023-09-25T15:35:14 IST" name="Default suite" finished-at="2023-09-25T15:35:14 IST" duration-ms="193">
    <groups>
    </groups>
    <test started-at="2023-09-25T15:35:14 IST" name="Default test" finished-at="2023-09-25T15:35:14 IST" duration-ms="193">
      <class name="understandingAboutTestNg.Datademo">
        <test-method signature="test(java.lang.String,java.lang.String)[pri:0, instance:understandingAboutTestNg.Datademo@54c5a2ff]" started-at="2023-09-25T15:35:14 IST" name="test" data-provider="dataDemo" finished-at="2023-09-25T15:35:14 IST" duration-ms="17" status="PASS">
          <params>
            <param index="0">
              <value>
                <![CDATA[Sirsi]]>
              </value>
            </param>
            <param index="1">
              <value>
                <![CDATA[Siddapur]]>
              </value>
            </param>
          </params>
          <reporter-output>
          </reporter-output>
        </test-method> <!-- test -->
        <test-method signature="test(java.lang.String,java.lang.String)[pri:0, instance:understandingAboutTestNg.Datademo@54c5a2ff]" started-at="2023-09-25T15:35:14 IST" name="test" data-provider="dataDemo" finished-at="2023-09-25T15:35:14 IST" duration-ms="5" status="PASS">
          <params>
            <param index="0">
              <value>
                <![CDATA[Kumata]]>
              </value>
            </param>
            <param index="1">
              <value>
                <![CDATA[Karwar]]>
              </value>
            </param>
          </params>
          <reporter-output>
          </reporter-output>
        </test-method> <!-- test -->
        <test-method signature="test(java.lang.String,java.lang.String)[pri:0, instance:understandingAboutTestNg.Datademo@54c5a2ff]" started-at="2023-09-25T15:35:14 IST" name="test" data-provider="dataDemo" finished-at="2023-09-25T15:35:14 IST" duration-ms="3" status="PASS">
          <params>
            <param index="0">
              <value>
                <![CDATA[Gokarna]]>
              </value>
            </param>
            <param index="1">
              <value>
                <![CDATA[Mundgod]]>
              </value>
            </param>
          </params>
          <reporter-output>
          </reporter-output>
        </test-method> <!-- test -->
        <test-method signature="test(java.lang.String,java.lang.String)[pri:0, instance:understandingAboutTestNg.Datademo@54c5a2ff]" started-at="2023-09-25T15:35:14 IST" name="test" data-provider="dataDemo" finished-at="2023-09-25T15:35:14 IST" duration-ms="4" status="PASS">
          <params>
            <param index="0">
              <value>
                <![CDATA[Ankola]]>
              </value>
            </param>
            <param index="1">
              <value>
                <![CDATA[Sorba]]>
              </value>
            </param>
          </params>
          <reporter-output>
          </reporter-output>
        </test-method> <!-- test -->
        <test-method signature="test(java.lang.String,java.lang.String)[pri:0, instance:understandingAboutTestNg.Datademo@54c5a2ff]" started-at="2023-09-25T15:35:14 IST" name="test" data-provider="dataDemo" finished-at="2023-09-25T15:35:14 IST" duration-ms="7" status="PASS">
          <params>
            <param index="0">
              <value>
                <![CDATA[Yallapur]]>
              </value>
            </param>
            <param index="1">
              <value>
                <![CDATA[Honnavar]]>
              </value>
            </param>
          </params>
          <reporter-output>
          </reporter-output>
        </test-method> <!-- test -->
      </class> <!-- understandingAboutTestNg.Datademo -->
    </test> <!-- Default test -->
  </suite> <!-- Default suite -->
</testng-results>
