<?xml version="1.0" encoding="UTF-8"?>
<!-- Generated by org.testng.reporters.JUnitReportReporter -->
<testsuite hostname="TYSS-Apoorva" failures="0" tests="1" name="workingWithUnitTestingTool.ClickOnLinks" time="158.687" errors="0" timestamp="2023-09-18T23:39:46 IST" skipped="0">
  <testcase classname="workingWithUnitTestingTool.ClickOnLinks" name="clickOnBooks" time="158.687">
    <system-out>
      <![CDATA[User is able to click on BooksLink
User is able to click on ComputersLink
User is able to click on ElectronicsLink
User is able to click on Apparel & ShoesLink
User is able to click on Digital downloadsLink
User is able to click on JewelryLink
User is able to click on Gift CardsLink]]>
    </system-out>
  </testcase> <!-- clickOnBooks -->
  <system-out>
    <![CDATA[Data base coonection is started
Report genration started
User is able to click on BooksLink
User is able to click on ComputersLink
User is able to click on ElectronicsLink
User is able to click on Apparel & ShoesLink
User is able to click on Digital downloadsLink
User is able to click on JewelryLink
User is able to click on Gift CardsLink
Data base coonection is stoped
Report genration stoped]]>
  </system-out>
</testsuite> <!-- workingWithUnitTestingTool.ClickOnLinks -->
