<?xml version="1.0" encoding="UTF-8"?>
<!-- Generated by org.testng.reporters.JUnitXMLReporter -->
<testsuite ignored="3" hostname="TYSS-Apoorva" failures="0" tests="2" name="Test2" time="8.209" errors="0" timestamp="2024-01-26T01:41:41 IST">
  <testcase classname="testScripts.TC_demoweb_004" name="demoweb" time="5.521"/>
  <testcase classname="testScripts.TC_adhar_001" name="adhar" time="2.666"/>
  <testcase classname="testScripts.TC_wcs_010" name="wcs" time="0.0">
    <ignored/>
  </testcase> <!-- wcs -->
  <testcase classname="testScripts.TC_cadbury_005" name="cadbury" time="0.0">
    <ignored/>
  </testcase> <!-- cadbury -->
  <testcase classname="testScripts.TC_qsp_009" name="qsp" time="0.0">
    <ignored/>
  </testcase> <!-- qsp -->
</testsuite> <!-- Test2 -->
