<?xml version="1.0" encoding="UTF-8"?>
<!-- Generated by org.testng.reporters.JUnitXMLReporter -->
<testsuite ignored="2" hostname="TYSS-Apoorva" failures="0" tests="3" name="Test" time="42.11" errors="0" timestamp="2024-01-26T01:41:33 IST">
  <testcase classname="testScripts.TC_bmtc_003" name="bmtc" time="14.109"/>
  <testcase classname="testScripts.TC_ksrtc_002" name="ksrtc" time="9.088"/>
  <testcase classname="testScripts.TC_testyantra_008" name="adhar" time="18.795"/>
  <testcase classname="testScripts.TC_kitkat_006" name="kitkat" time="0.0">
    <ignored/>
  </testcase> <!-- kitkat -->
  <testcase classname="testScripts.TC_ferreroro_007" name="adhar" time="0.0">
    <ignored/>
  </testcase> <!-- adhar -->
</testsuite> <!-- Test -->
